2025-09-09 12:48:48,021 - INFO - Starting Data Collection Pipeline
2025-09-09 12:48:48,022 - INFO - ============================================================
2025-09-09 12:48:48,022 - INFO - Starting Step 1.1: Extract All Experimental Results from WandB
2025-09-09 12:48:48,022 - INFO - Target project: timoshka3-tel-aviv-university/GNN
2025-09-09 12:48:48,022 - INFO - Expected experiments: 6 domains × 9 schemes × 2 strategies × 3 seeds = 324 total
2025-09-09 12:48:48,365 - INFO - Successfully initialized WandB API
2025-09-09 12:48:48,365 - INFO - Fetching runs from WandB project...
2025-09-09 12:49:52,827 - INFO - Starting Data Collection Pipeline
2025-09-09 12:49:52,827 - INFO - ============================================================
2025-09-09 12:49:52,827 - INFO - Starting Step 1.1: Extract All Experimental Results from WandB
2025-09-09 12:49:52,827 - INFO - Target project: timoshka3-tel-aviv-university/GNN
2025-09-09 12:49:52,827 - INFO - Expected experiments: 6 domains × 9 schemes × 2 strategies × 3 seeds = 324 total
2025-09-09 12:49:53,122 - INFO - Successfully initialized WandB API
2025-09-09 12:49:53,122 - INFO - Fetching runs from WandB project...
2025-09-09 12:49:53,285 - INFO - Found 25 total runs in project
2025-09-09 12:49:53,286 - INFO - Processed 0 valid fine-tuning runs
2025-09-09 12:49:53,286 - INFO - Skipped 25 invalid/irrelevant runs
2025-09-09 12:49:53,286 - INFO - Examples of skipped runs: ['b2_42', 'b2_84', 'b2_126', 'b3_42', 'b3_84', 'b3_126', 'b4_42', 'b4_84', 'b4_126', 's1_42']
2025-09-09 12:49:53,291 - INFO - Expected experiments: 324
2025-09-09 12:49:53,291 - INFO - Found experiments: 0
2025-09-09 12:49:53,291 - WARNING - Missing 324 experiments!
2025-09-09 12:49:53,291 - INFO - Analyzing missing experiment combinations...
2025-09-09 12:49:53,291 - WARNING - Missing 324 experiment combinations:
2025-09-09 12:49:53,291 - WARNING -   Missing: ('CiteSeer_LP', 'full_finetune', 'b1', 42)
2025-09-09 12:49:53,291 - WARNING -   Missing: ('CiteSeer_LP', 'full_finetune', 'b1', 84)
2025-09-09 12:49:53,292 - WARNING -   Missing: ('CiteSeer_LP', 'full_finetune', 'b1', 126)
2025-09-09 12:49:53,292 - WARNING -   Missing: ('CiteSeer_LP', 'full_finetune', 'b2', 42)
2025-09-09 12:49:53,292 - WARNING -   Missing: ('CiteSeer_LP', 'full_finetune', 'b2', 84)
2025-09-09 12:49:53,292 - WARNING -   Missing: ('CiteSeer_LP', 'full_finetune', 'b2', 126)
2025-09-09 12:49:53,292 - WARNING -   Missing: ('CiteSeer_LP', 'full_finetune', 'b3', 42)
2025-09-09 12:49:53,292 - WARNING -   Missing: ('CiteSeer_LP', 'full_finetune', 'b3', 84)
2025-09-09 12:49:53,292 - WARNING -   Missing: ('CiteSeer_LP', 'full_finetune', 'b3', 126)
2025-09-09 12:49:53,292 - WARNING -   Missing: ('CiteSeer_LP', 'full_finetune', 'b4', 42)
2025-09-09 12:49:53,292 - INFO - Performing data quality checks...
2025-09-09 12:49:53,292 - ERROR - Data collection pipeline failed: 'accuracy'
2025-09-09 12:52:39,858 - INFO - Starting Data Collection Pipeline
2025-09-09 12:52:39,858 - INFO - ============================================================
2025-09-09 12:52:39,858 - INFO - Starting Step 1.1: Extract All Experimental Results from WandB
2025-09-09 12:52:39,858 - INFO - Target project: timoshka3-tel-aviv-university/GNN
2025-09-09 12:52:39,858 - INFO - Expected experiments: 6 domains × 9 schemes × 2 strategies × 3 seeds = 324 total
2025-09-09 12:52:40,207 - INFO - Successfully initialized WandB API
2025-09-09 12:52:40,207 - INFO - Fetching runs from WandB project...
2025-09-09 12:52:40,391 - INFO - Found 25 total runs in project
2025-09-09 12:52:40,391 - INFO - Processed 0 valid fine-tuning runs
2025-09-09 12:52:40,391 - INFO - Skipped 25 invalid/irrelevant runs
2025-09-09 12:52:40,391 - INFO - Examples of skipped runs: ['b2_42', 'b2_84', 'b2_126', 'b3_42', 'b3_84', 'b3_126', 'b4_42', 'b4_84', 'b4_126', 's1_42']
2025-09-09 12:52:40,393 - INFO - Expected experiments: 324
2025-09-09 12:52:40,393 - INFO - Found experiments: 0
2025-09-09 12:52:40,393 - WARNING - Missing 324 experiments!
2025-09-09 12:52:40,394 - INFO - Analyzing missing experiment combinations...
2025-09-09 12:52:40,394 - WARNING - Missing 324 experiment combinations:
2025-09-09 12:52:40,394 - WARNING -   Missing: ('CiteSeer_LP', 'full_finetune', 'b1', 42)
2025-09-09 12:52:40,394 - WARNING -   Missing: ('CiteSeer_LP', 'full_finetune', 'b1', 84)
2025-09-09 12:52:40,394 - WARNING -   Missing: ('CiteSeer_LP', 'full_finetune', 'b1', 126)
2025-09-09 12:52:40,394 - WARNING -   Missing: ('CiteSeer_LP', 'full_finetune', 'b2', 42)
2025-09-09 12:52:40,394 - WARNING -   Missing: ('CiteSeer_LP', 'full_finetune', 'b2', 84)
2025-09-09 12:52:40,395 - WARNING -   Missing: ('CiteSeer_LP', 'full_finetune', 'b2', 126)
2025-09-09 12:52:40,395 - WARNING -   Missing: ('CiteSeer_LP', 'full_finetune', 'b3', 42)
2025-09-09 12:52:40,395 - WARNING -   Missing: ('CiteSeer_LP', 'full_finetune', 'b3', 84)
2025-09-09 12:52:40,395 - WARNING -   Missing: ('CiteSeer_LP', 'full_finetune', 'b3', 126)
2025-09-09 12:52:40,395 - WARNING -   Missing: ('CiteSeer_LP', 'full_finetune', 'b4', 42)
2025-09-09 12:52:40,395 - INFO - Performing data quality checks...
2025-09-09 12:52:40,395 - ERROR - Data collection pipeline failed: 'accuracy'
2025-09-09 12:54:40,017 - INFO - Starting Data Collection Pipeline
2025-09-09 12:54:40,017 - INFO - ============================================================
2025-09-09 12:54:40,017 - INFO - Starting Step 1.1: Extract All Experimental Results from WandB
2025-09-09 12:54:40,017 - INFO - Target project: timoshka3-tel-aviv-university/gnn-pretraining-finetune
2025-09-09 12:54:40,017 - INFO - Expected experiments: 6 domains × 9 schemes × 2 strategies × 3 seeds = 324 total
2025-09-09 12:54:40,316 - INFO - Successfully initialized WandB API
2025-09-09 12:54:40,317 - INFO - Fetching runs from WandB project...
2025-09-09 12:54:40,615 - INFO - Found 324 total runs in project
2025-09-09 12:55:18,852 - INFO - Starting Data Collection Pipeline
2025-09-09 12:55:18,852 - INFO - ============================================================
2025-09-09 12:55:18,853 - INFO - Starting Step 1.1: Extract All Experimental Results from WandB
2025-09-09 12:55:18,853 - INFO - Target project: timoshka3-tel-aviv-university/gnn-pretraining-finetune
2025-09-09 12:55:18,853 - INFO - Expected experiments: 6 domains × 9 schemes × 2 strategies × 3 seeds = 324 total
2025-09-09 12:55:19,159 - INFO - Successfully initialized WandB API
2025-09-09 12:55:19,160 - INFO - Fetching runs from WandB project...
2025-09-09 12:55:19,408 - INFO - Found 324 total runs in project
2025-09-09 12:55:20,429 - INFO - Processed 0 valid fine-tuning runs
2025-09-09 12:55:20,430 - INFO - Skipped 324 invalid/irrelevant runs
2025-09-09 12:55:20,430 - INFO - Examples of skipped runs: ['CiteSeer_NC_full_finetune_b1_42', 'CiteSeer_NC_full_finetune_b1_84', 'Cora_NC_full_finetune_b1_42', 'CiteSeer_NC_full_finetune_b1_126', 'Cora_NC_full_finetune_b1_84', 'CiteSeer_NC_full_finetune_b2_42', 'Cora_NC_full_finetune_b1_126', 'CiteSeer_NC_full_finetune_b2_84', 'Cora_NC_full_finetune_b2_42', 'CiteSeer_NC_full_finetune_b2_126']
2025-09-09 12:55:20,431 - INFO - Expected experiments: 324
2025-09-09 12:55:20,431 - INFO - Found experiments: 0
2025-09-09 12:55:20,431 - WARNING - Missing 324 experiments!
2025-09-09 12:55:20,431 - INFO - Analyzing missing experiment combinations...
2025-09-09 12:55:20,432 - WARNING - Missing 324 experiment combinations:
2025-09-09 12:55:20,432 - WARNING -   Missing: ('CiteSeer_LP', 'full_finetune', 'b1', 42)
2025-09-09 12:55:20,432 - WARNING -   Missing: ('CiteSeer_LP', 'full_finetune', 'b1', 84)
2025-09-09 12:55:20,432 - WARNING -   Missing: ('CiteSeer_LP', 'full_finetune', 'b1', 126)
2025-09-09 12:55:20,432 - WARNING -   Missing: ('CiteSeer_LP', 'full_finetune', 'b2', 42)
2025-09-09 12:55:20,432 - WARNING -   Missing: ('CiteSeer_LP', 'full_finetune', 'b2', 84)
2025-09-09 12:55:20,432 - WARNING -   Missing: ('CiteSeer_LP', 'full_finetune', 'b2', 126)
2025-09-09 12:55:20,432 - WARNING -   Missing: ('CiteSeer_LP', 'full_finetune', 'b3', 42)
2025-09-09 12:55:20,432 - WARNING -   Missing: ('CiteSeer_LP', 'full_finetune', 'b3', 84)
2025-09-09 12:55:20,432 - WARNING -   Missing: ('CiteSeer_LP', 'full_finetune', 'b3', 126)
2025-09-09 12:55:20,432 - WARNING -   Missing: ('CiteSeer_LP', 'full_finetune', 'b4', 42)
2025-09-09 12:55:20,432 - INFO - Performing data quality checks...
2025-09-09 12:55:20,432 - WARNING - No valid fine-tuning runs found - skipping data quality checks
2025-09-09 12:55:20,432 - INFO - Saving raw results to analysis/results/raw_experimental_results.csv
2025-09-09 12:55:20,435 - INFO - Step 1.1 completed successfully. Extracted 0 experimental results.
2025-09-09 12:55:20,440 - INFO - Starting Step 1.2: Aggregate Results Across Seeds
2025-09-09 12:55:20,440 - INFO - Aggregating 0 numeric metrics across seeds
2025-09-09 12:55:20,441 - INFO - Grouping by: ['domain_name', 'finetune_strategy', 'pretrained_scheme', 'task_type']
2025-09-09 12:55:20,441 - ERROR - Data collection pipeline failed: 'domain_name'
2025-09-09 13:00:19,817 - INFO - Starting Data Collection Pipeline
2025-09-09 13:00:19,817 - INFO - ============================================================
2025-09-09 13:00:19,817 - INFO - Starting Step 1.1: Extract All Experimental Results from WandB
2025-09-09 13:00:19,817 - INFO - Target project: timoshka3-tel-aviv-university/gnn-pretraining-finetune
2025-09-09 13:00:19,818 - INFO - Expected experiments: 6 domains × 9 schemes × 2 strategies × 3 seeds = 324 total
2025-09-09 13:00:20,099 - INFO - Successfully initialized WandB API
2025-09-09 13:00:20,100 - INFO - Fetching runs from WandB project...
2025-09-09 13:00:20,358 - INFO - Found 324 total runs in project
2025-09-09 13:00:20,363 - INFO - Processed 50 runs... (50 valid)
2025-09-09 13:00:20,609 - INFO - Processed 100 runs... (100 valid)
2025-09-09 13:00:20,811 - INFO - Processed 150 runs... (150 valid)
2025-09-09 13:00:20,985 - INFO - Processed 200 runs... (200 valid)
2025-09-09 13:00:21,191 - INFO - Processed 250 runs... (250 valid)
2025-09-09 13:00:21,406 - INFO - Processed 300 runs... (270 valid)
2025-09-09 13:00:21,534 - INFO - Processed 270 valid fine-tuning runs
2025-09-09 13:00:21,535 - INFO - Skipped 54 invalid/irrelevant runs
2025-09-09 13:00:21,535 - INFO - Examples of skipped runs: ['ENZYMES_full_finetune_b1_42', 'ENZYMES_full_finetune_b1_84', 'ENZYMES_full_finetune_b1_126', 'ENZYMES_full_finetune_b2_42', 'ENZYMES_full_finetune_b2_84', 'ENZYMES_full_finetune_b2_126', 'ENZYMES_full_finetune_b3_42', 'ENZYMES_full_finetune_b3_84', 'ENZYMES_full_finetune_b3_126', 'ENZYMES_full_finetune_b4_42']
2025-09-09 13:00:21,549 - INFO - Expected experiments: 324
2025-09-09 13:00:21,549 - INFO - Found experiments: 270
2025-09-09 13:00:21,549 - WARNING - Missing 54 experiments!
2025-09-09 13:00:21,549 - INFO - Analyzing missing experiment combinations...
2025-09-09 13:00:21,567 - WARNING - Missing 54 experiment combinations:
2025-09-09 13:00:21,567 - WARNING -   Missing: ('ENZYMES', 'full_finetune', 'b1', 42)
2025-09-09 13:00:21,567 - WARNING -   Missing: ('ENZYMES', 'full_finetune', 'b1', 84)
2025-09-09 13:00:21,567 - WARNING -   Missing: ('ENZYMES', 'full_finetune', 'b1', 126)
2025-09-09 13:00:21,567 - WARNING -   Missing: ('ENZYMES', 'full_finetune', 'b2', 42)
2025-09-09 13:00:21,567 - WARNING -   Missing: ('ENZYMES', 'full_finetune', 'b2', 84)
2025-09-09 13:00:21,568 - WARNING -   Missing: ('ENZYMES', 'full_finetune', 'b2', 126)
2025-09-09 13:00:21,568 - WARNING -   Missing: ('ENZYMES', 'full_finetune', 'b3', 42)
2025-09-09 13:00:21,568 - WARNING -   Missing: ('ENZYMES', 'full_finetune', 'b3', 84)
2025-09-09 13:00:21,568 - WARNING -   Missing: ('ENZYMES', 'full_finetune', 'b3', 126)
2025-09-09 13:00:21,568 - WARNING -   Missing: ('ENZYMES', 'full_finetune', 'b4', 42)
2025-09-09 13:00:21,568 - INFO - Performing data quality checks...
2025-09-09 13:00:21,578 - INFO - Saving raw results to analysis/results/raw_experimental_results.csv
2025-09-09 13:00:21,586 - INFO - Step 1.1 completed successfully. Extracted 270 experimental results.
2025-09-09 13:00:21,587 - INFO - Starting Step 1.2: Aggregate Results Across Seeds
2025-09-09 13:00:21,587 - INFO - Aggregating 10 numeric metrics across seeds
2025-09-09 13:00:21,587 - INFO - Grouping by: ['domain_name', 'finetune_strategy', 'pretrained_scheme', 'task_type']
2025-09-09 13:01:19,077 - INFO - Starting Data Collection Pipeline
2025-09-09 13:01:19,077 - INFO - ============================================================
2025-09-09 13:01:19,077 - INFO - Starting Step 1.1: Extract All Experimental Results from WandB
2025-09-09 13:01:19,077 - INFO - Target project: timoshka3-tel-aviv-university/gnn-pretraining-finetune
2025-09-09 13:01:19,078 - INFO - Expected experiments: 6 domains × 9 schemes × 2 strategies × 3 seeds = 324 total
2025-09-09 13:01:19,328 - INFO - Successfully initialized WandB API
2025-09-09 13:01:19,328 - INFO - Fetching runs from WandB project...
2025-09-09 13:01:19,578 - INFO - Found 324 total runs in project
2025-09-09 13:01:19,580 - INFO - Processed 50 runs... (50 valid)
2025-09-09 13:01:19,737 - INFO - Processed 100 runs... (100 valid)
2025-09-09 13:01:19,962 - INFO - Processed 150 runs... (150 valid)
2025-09-09 13:01:20,317 - INFO - Processed 200 runs... (200 valid)
2025-09-09 13:01:20,513 - INFO - Processed 250 runs... (250 valid)
2025-09-09 13:01:20,675 - INFO - Processed 300 runs... (270 valid)
2025-09-09 13:01:20,798 - INFO - Processed 270 valid fine-tuning runs
2025-09-09 13:01:20,798 - INFO - Skipped 54 invalid/irrelevant runs
2025-09-09 13:01:20,798 - INFO - Examples of skipped runs: ['ENZYMES_full_finetune_b1_42', 'ENZYMES_full_finetune_b1_84', 'ENZYMES_full_finetune_b1_126', 'ENZYMES_full_finetune_b2_42', 'ENZYMES_full_finetune_b2_84', 'ENZYMES_full_finetune_b2_126', 'ENZYMES_full_finetune_b3_42', 'ENZYMES_full_finetune_b3_84', 'ENZYMES_full_finetune_b3_126', 'ENZYMES_full_finetune_b4_42']
2025-09-09 13:01:20,801 - INFO - Expected experiments: 324
2025-09-09 13:01:20,801 - INFO - Found experiments: 270
2025-09-09 13:01:20,801 - WARNING - Missing 54 experiments!
2025-09-09 13:01:20,801 - INFO - Analyzing missing experiment combinations...
2025-09-09 13:01:20,813 - WARNING - Missing 54 experiment combinations:
2025-09-09 13:01:20,813 - WARNING -   Missing: ('ENZYMES', 'full_finetune', 'b1', 42)
2025-09-09 13:01:20,813 - WARNING -   Missing: ('ENZYMES', 'full_finetune', 'b1', 84)
2025-09-09 13:01:20,814 - WARNING -   Missing: ('ENZYMES', 'full_finetune', 'b1', 126)
2025-09-09 13:01:20,814 - WARNING -   Missing: ('ENZYMES', 'full_finetune', 'b2', 42)
2025-09-09 13:01:20,814 - WARNING -   Missing: ('ENZYMES', 'full_finetune', 'b2', 84)
2025-09-09 13:01:20,814 - WARNING -   Missing: ('ENZYMES', 'full_finetune', 'b2', 126)
2025-09-09 13:01:20,814 - WARNING -   Missing: ('ENZYMES', 'full_finetune', 'b3', 42)
2025-09-09 13:01:20,814 - WARNING -   Missing: ('ENZYMES', 'full_finetune', 'b3', 84)
2025-09-09 13:01:20,814 - WARNING -   Missing: ('ENZYMES', 'full_finetune', 'b3', 126)
2025-09-09 13:01:20,814 - WARNING -   Missing: ('ENZYMES', 'full_finetune', 'b4', 42)
2025-09-09 13:01:20,814 - INFO - Performing data quality checks...
2025-09-09 13:01:20,816 - INFO - Saving raw results to analysis/results/raw_experimental_results.csv
2025-09-09 13:01:20,822 - INFO - Step 1.1 completed successfully. Extracted 270 experimental results.
2025-09-09 13:01:20,823 - INFO - Starting Step 1.2: Aggregate Results Across Seeds
2025-09-09 13:01:20,823 - INFO - Aggregating 10 numeric metrics across seeds
2025-09-09 13:01:20,824 - INFO - Grouping by: ['domain_name', 'finetune_strategy', 'pretrained_scheme', 'task_type']
2025-09-09 13:01:30,160 - INFO - Starting Data Collection Pipeline
2025-09-09 13:01:30,160 - INFO - ============================================================
2025-09-09 13:01:30,160 - INFO - Starting Step 1.1: Extract All Experimental Results from WandB
2025-09-09 13:01:30,160 - INFO - Target project: timoshka3-tel-aviv-university/gnn-pretraining-finetune
2025-09-09 13:01:30,160 - INFO - Expected experiments: 6 domains × 9 schemes × 2 strategies × 3 seeds = 324 total
2025-09-09 13:01:30,454 - INFO - Successfully initialized WandB API
2025-09-09 13:01:30,454 - INFO - Fetching runs from WandB project...
2025-09-09 13:01:30,852 - INFO - Found 324 total runs in project
2025-09-09 13:01:30,855 - INFO - Processed 50 runs... (50 valid)
2025-09-09 13:01:31,094 - INFO - Processed 100 runs... (100 valid)
2025-09-09 13:01:31,334 - INFO - Processed 150 runs... (150 valid)
2025-09-09 13:01:31,510 - INFO - Processed 200 runs... (200 valid)
2025-09-09 13:01:31,794 - INFO - Processed 250 runs... (250 valid)
2025-09-09 13:01:32,093 - INFO - Processed 300 runs... (270 valid)
2025-09-09 13:01:32,353 - INFO - Processed 270 valid fine-tuning runs
2025-09-09 13:01:32,353 - INFO - Skipped 54 invalid/irrelevant runs
2025-09-09 13:01:32,353 - INFO - Examples of skipped runs: ['ENZYMES_full_finetune_b1_42', 'ENZYMES_full_finetune_b1_84', 'ENZYMES_full_finetune_b1_126', 'ENZYMES_full_finetune_b2_42', 'ENZYMES_full_finetune_b2_84', 'ENZYMES_full_finetune_b2_126', 'ENZYMES_full_finetune_b3_42', 'ENZYMES_full_finetune_b3_84', 'ENZYMES_full_finetune_b3_126', 'ENZYMES_full_finetune_b4_42']
2025-09-09 13:01:32,356 - INFO - Expected experiments: 324
2025-09-09 13:01:32,356 - INFO - Found experiments: 270
2025-09-09 13:01:32,356 - WARNING - Missing 54 experiments!
2025-09-09 13:01:32,356 - INFO - Analyzing missing experiment combinations...
2025-09-09 13:01:32,367 - WARNING - Missing 54 experiment combinations:
2025-09-09 13:01:32,368 - WARNING -   Missing: ('ENZYMES', 'full_finetune', 'b1', 42)
2025-09-09 13:01:32,368 - WARNING -   Missing: ('ENZYMES', 'full_finetune', 'b1', 84)
2025-09-09 13:01:32,368 - WARNING -   Missing: ('ENZYMES', 'full_finetune', 'b1', 126)
2025-09-09 13:01:32,368 - WARNING -   Missing: ('ENZYMES', 'full_finetune', 'b2', 42)
2025-09-09 13:01:32,368 - WARNING -   Missing: ('ENZYMES', 'full_finetune', 'b2', 84)
2025-09-09 13:01:32,368 - WARNING -   Missing: ('ENZYMES', 'full_finetune', 'b2', 126)
2025-09-09 13:01:32,368 - WARNING -   Missing: ('ENZYMES', 'full_finetune', 'b3', 42)
2025-09-09 13:01:32,368 - WARNING -   Missing: ('ENZYMES', 'full_finetune', 'b3', 84)
2025-09-09 13:01:32,368 - WARNING -   Missing: ('ENZYMES', 'full_finetune', 'b3', 126)
2025-09-09 13:01:32,368 - WARNING -   Missing: ('ENZYMES', 'full_finetune', 'b4', 42)
2025-09-09 13:01:32,368 - INFO - Performing data quality checks...
2025-09-09 13:01:32,370 - INFO - Saving raw results to analysis/results/raw_experimental_results.csv
2025-09-09 13:01:32,376 - INFO - Step 1.1 completed successfully. Extracted 270 experimental results.
2025-09-09 13:01:32,378 - INFO - Starting Step 1.2: Aggregate Results Across Seeds
2025-09-09 13:01:32,378 - INFO - Aggregating 10 numeric metrics across seeds
2025-09-09 13:01:32,378 - INFO - Grouping by: ['domain_name', 'finetune_strategy', 'pretrained_scheme', 'task_type']
2025-09-09 13:01:32,757 - INFO - Created aggregated dataset with 90 combinations
2025-09-09 13:01:32,757 - INFO - Expected combinations: 108
2025-09-09 13:01:32,757 - INFO - Found combinations: 90
2025-09-09 13:01:32,757 - INFO - Saving aggregated results to analysis/results/aggregated_results.csv
2025-09-09 13:01:32,767 - INFO - Step 1.2 completed successfully. Created 90 aggregated combinations.
2025-09-09 13:01:32,767 - INFO - ============================================================
2025-09-09 13:01:32,767 - INFO - Data Collection Pipeline completed successfully!
2025-09-09 13:01:32,767 - INFO - Raw results: 270 experiments → analysis/results/raw_experimental_results.csv
2025-09-09 13:01:32,768 - INFO - Aggregated results: 90 combinations → analysis/results/aggregated_results.csv
2025-09-09 13:03:53,640 - INFO - Starting Data Collection Pipeline
2025-09-09 13:03:53,641 - INFO - ============================================================
2025-09-09 13:03:53,641 - INFO - Starting Step 1.1: Extract All Experimental Results from WandB
2025-09-09 13:03:53,641 - INFO - Target project: timoshka3-tel-aviv-university/gnn-pretraining-finetune
2025-09-09 13:03:53,641 - INFO - Expected experiments: 6 domains × 9 schemes × 2 strategies × 3 seeds = 324 total
2025-09-09 13:03:53,925 - INFO - Successfully initialized WandB API
2025-09-09 13:03:53,925 - INFO - Fetching runs from WandB project...
2025-09-09 13:03:54,162 - INFO - Found 324 total runs in project
2025-09-09 13:03:54,164 - INFO - Processed 50 runs... (50 valid)
2025-09-09 13:03:54,393 - INFO - Processed 100 runs... (100 valid)
2025-09-09 13:03:54,539 - INFO - Processed 150 runs... (150 valid)
2025-09-09 13:03:54,765 - INFO - Processed 200 runs... (200 valid)
2025-09-09 13:03:54,929 - INFO - Processed 250 runs... (250 valid)
2025-09-09 13:03:55,166 - INFO - Processed 300 runs... (300 valid)
2025-09-09 13:03:55,283 - INFO - Processed 324 valid fine-tuning runs
2025-09-09 13:03:55,283 - INFO - Skipped 0 invalid/irrelevant runs
2025-09-09 13:03:55,286 - INFO - Expected experiments: 324
2025-09-09 13:03:55,286 - INFO - Found experiments: 324
2025-09-09 13:03:55,286 - INFO - Performing data quality checks...
2025-09-09 13:03:55,288 - INFO - Saving raw results to analysis/results/raw_experimental_results.csv
2025-09-09 13:03:55,295 - INFO - Step 1.1 completed successfully. Extracted 324 experimental results.
2025-09-09 13:03:55,295 - INFO - Starting Step 1.2: Aggregate Results Across Seeds
2025-09-09 13:03:55,295 - INFO - Aggregating 10 numeric metrics across seeds
2025-09-09 13:03:55,296 - INFO - Grouping by: ['domain_name', 'finetune_strategy', 'pretrained_scheme', 'task_type']
2025-09-09 13:04:02,785 - INFO - Starting Data Collection Pipeline
2025-09-09 13:04:02,785 - INFO - ============================================================
2025-09-09 13:04:02,785 - INFO - Starting Step 1.1: Extract All Experimental Results from WandB
2025-09-09 13:04:02,785 - INFO - Target project: timoshka3-tel-aviv-university/gnn-pretraining-finetune
2025-09-09 13:04:02,785 - INFO - Expected experiments: 6 domains × 9 schemes × 2 strategies × 3 seeds = 324 total
2025-09-09 13:04:03,061 - INFO - Successfully initialized WandB API
2025-09-09 13:04:03,061 - INFO - Fetching runs from WandB project...
2025-09-09 13:04:03,332 - INFO - Found 324 total runs in project
2025-09-09 13:04:03,335 - INFO - Processed 50 runs... (50 valid)
2025-09-09 13:04:03,538 - INFO - Processed 100 runs... (100 valid)
2025-09-09 13:04:03,693 - INFO - Processed 150 runs... (150 valid)
2025-09-09 13:04:03,882 - INFO - Processed 200 runs... (200 valid)
2025-09-09 13:04:04,088 - INFO - Processed 250 runs... (250 valid)
2025-09-09 13:04:04,286 - INFO - Processed 300 runs... (300 valid)
2025-09-09 13:04:04,417 - INFO - Processed 324 valid fine-tuning runs
2025-09-09 13:04:04,417 - INFO - Skipped 0 invalid/irrelevant runs
2025-09-09 13:04:04,420 - INFO - Expected experiments: 324
2025-09-09 13:04:04,420 - INFO - Found experiments: 324
2025-09-09 13:04:04,420 - INFO - Performing data quality checks...
2025-09-09 13:04:04,422 - INFO - Saving raw results to analysis/results/raw_experimental_results.csv
2025-09-09 13:04:04,430 - INFO - Step 1.1 completed successfully. Extracted 324 experimental results.
2025-09-09 13:04:04,430 - INFO - Starting Step 1.2: Aggregate Results Across Seeds
2025-09-09 13:04:04,430 - INFO - Aggregating 10 numeric metrics across seeds
2025-09-09 13:04:04,430 - INFO - Grouping by: ['domain_name', 'finetune_strategy', 'pretrained_scheme', 'task_type']
2025-09-09 13:04:04,896 - INFO - Created aggregated dataset with 108 combinations
2025-09-09 13:04:04,896 - INFO - Expected combinations: 108
2025-09-09 13:04:04,897 - INFO - Found combinations: 108
2025-09-09 13:04:04,897 - INFO - Saving aggregated results to analysis/results/aggregated_results.csv
2025-09-09 13:04:04,908 - INFO - Step 1.2 completed successfully. Created 108 aggregated combinations.
2025-09-09 13:04:04,909 - INFO - ============================================================
2025-09-09 13:04:04,909 - INFO - Data Collection Pipeline completed successfully!
2025-09-09 13:04:04,909 - INFO - Raw results: 324 experiments → analysis/results/raw_experimental_results.csv
2025-09-09 13:04:04,909 - INFO - Aggregated results: 108 combinations → analysis/results/aggregated_results.csv
